[    0.000000] Initializing cgroup subsys cpuset
[    0.000000] Initializing cgroup subsys cpu
[    0.000000] Initializing cgroup subsys cpuacct
[    0.000000] Linux version 4.4.0-142-generic (buildd@lgw01-amd64-033) (gcc version 5.4.0 20160609 (Ubuntu 5.4.0-6ubuntu1~16.04.10) ) #168-Ubuntu SMP Wed Jan 16 21:00:45 UTC 2019 (Ubuntu 4.4.0-142.168-generic 4.4.167)
[    0.000000] Command line: BOOT_IMAGE=/boot/vmlinuz-4.4.0-142-generic root=LABEL=cloudimg-rootfs ro console=tty1 console=ttyS0
[    0.000000] KERNEL supported cpus:
[    0.000000]   Intel GenuineIntel
[    0.000000]   AMD AuthenticAMD
[    0.000000]   Centaur CentaurHauls
[    0.000000] x86/fpu: xstate_offset[2]:  576, xstate_sizes[2]:  256
[    0.000000] x86/fpu: Supporting XSAVE feature 0x01: 'x87 floating point registers'
[    0.000000] x86/fpu: Supporting XSAVE feature 0x02: 'SSE registers'
[    0.000000] x86/fpu: Supporting XSAVE feature 0x04: 'AVX registers'
[    0.000000] x86/fpu: Enabled xstate features 0x7, context size is 832 bytes, using 'standard' format.
[    0.000000] e820: BIOS-provided physical RAM map:
[    0.000000] BIOS-e820: [mem 0x0000000000000000-0x000000000009fbff] usable
[    0.000000] BIOS-e820: [mem 0x000000000009fc00-0x000000000009ffff] reserved
[    0.000000] BIOS-e820: [mem 0x00000000000f0000-0x00000000000fffff] reserved
[    0.000000] BIOS-e820: [mem 0x0000000000100000-0x000000001ffeffff] usable
[    0.000000] BIOS-e820: [mem 0x000000001fff0000-0x000000001fffffff] ACPI data
[    0.000000] BIOS-e820: [mem 0x00000000fec00000-0x00000000fec00fff] reserved
[    0.000000] BIOS-e820: [mem 0x00000000fee00000-0x00000000fee00fff] reserved
[    0.000000] BIOS-e820: [mem 0x00000000fffc0000-0x00000000ffffffff] reserved
[    0.000000] NX (Execute Disable) protection: active
[    0.000000] SMBIOS 2.5 present.
[    0.000000] Hypervisor detected: KVM
[    0.000000] e820: last_pfn = 0x1fff0 max_arch_pfn = 0x400000000
[    0.000000] MTRR: Disabled
[    0.000000] x86/PAT: MTRRs disabled, skipping PAT initialization too.
[    0.000000] CPU MTRRs all blank - virtualized system.
[    0.000000] x86/PAT: Configuration [0-7]: WB  WT  UC- UC  WB  WT  UC- UC  
[    0.000000] found SMP MP-table at [mem 0x0009fff0-0x0009ffff] mapped at [ffff88000009fff0]
[    0.000000] Scanning 1 areas for low memory corruption
[    0.000000] RAMDISK: [mem 0x1e8ba000-0x1f72cfff]
[    0.000000] ACPI: Early table checksum verification disabled
[    0.000000] ACPI: RSDP 0x00000000000E0000 000024 (v02 VBOX  )
[    0.000000] ACPI: XSDT 0x000000001FFF0030 00003C (v01 VBOX   VBOXXSDT 00000001 ASL  00000061)
[    0.000000] ACPI: FACP 0x000000001FFF00F0 0000F4 (v04 VBOX   VBOXFACP 00000001 ASL  00000061)
[    0.000000] ACPI: DSDT 0x000000001FFF0470 0022EA (v02 VBOX   VBOXBIOS 00000002 INTL 20100528)
[    0.000000] ACPI: FACS 0x000000001FFF0200 000040
[    0.000000] ACPI: FACS 0x000000001FFF0200 000040
[    0.000000] ACPI: APIC 0x000000001FFF0240 00005C (v02 VBOX   VBOXAPIC 00000001 ASL  00000061)
[    0.000000] ACPI: SSDT 0x000000001FFF02A0 0001CC (v01 VBOX   VBOXCPUT 00000002 INTL 20100528)
[    0.000000] No NUMA configuration found
[    0.000000] Faking a node at [mem 0x0000000000000000-0x000000001ffeffff]
[    0.000000] NODE_DATA(0) allocated [mem 0x1ffeb000-0x1ffeffff]
[    0.000000] kvm-clock: Using msrs 4b564d01 and 4b564d00
[    0.000000] kvm-clock: cpu 0, msr 0:1ffe3001, primary cpu clock
[    0.000000] kvm-clock: using sched offset of 3989568279 cycles
[    0.000000] clocksource: kvm-clock: mask: 0xffffffffffffffff max_cycles: 0x1cd42e4dffb, max_idle_ns: 881590591483 ns
[    0.000000] Zone ranges:
[    0.000000]   DMA      [mem 0x0000000000001000-0x0000000000ffffff]
[    0.000000]   DMA32    [mem 0x0000000001000000-0x000000001ffeffff]
[    0.000000]   Normal   empty
[    0.000000]   Device   empty
[    0.000000] Movable zone start for each node
[    0.000000] Early memory node ranges
[    0.000000]   node   0: [mem 0x0000000000001000-0x000000000009efff]
[    0.000000]   node   0: [mem 0x0000000000100000-0x000000001ffeffff]
[    0.000000] Initmem setup node 0 [mem 0x0000000000001000-0x000000001ffeffff]
[    0.000000] ACPI: PM-Timer IO Port: 0x4008
[    0.000000] IOAPIC[0]: apic_id 2, version 32, address 0xfec00000, GSI 0-23
[    0.000000] ACPI: INT_SRC_OVR (bus 0 bus_irq 0 global_irq 2 dfl dfl)
[    0.000000] ACPI: INT_SRC_OVR (bus 0 bus_irq 9 global_irq 9 low level)
[    0.000000] Using ACPI (MADT) for SMP configuration information
[    0.000000] smpboot: Allowing 2 CPUs, 0 hotplug CPUs
[    0.000000] PM: Registered nosave memory: [mem 0x00000000-0x00000fff]
[    0.000000] PM: Registered nosave memory: [mem 0x0009f000-0x0009ffff]
[    0.000000] PM: Registered nosave memory: [mem 0x000a0000-0x000effff]
[    0.000000] PM: Registered nosave memory: [mem 0x000f0000-0x000fffff]
[    0.000000] e820: [mem 0x20000000-0xfebfffff] available for PCI devices
[    0.000000] Booting paravirtualized kernel on KVM
[    0.000000] clocksource: refined-jiffies: mask: 0xffffffff max_cycles: 0xffffffff, max_idle_ns: 7645519600211568 ns
[    0.000000] setup_percpu: NR_CPUS:512 nr_cpumask_bits:512 nr_cpu_ids:2 nr_node_ids:1
[    0.000000] PERCPU: Embedded 34 pages/cpu @ffff88001fc00000 s99480 r8192 d31592 u1048576
[    0.000000] Built 1 zonelists in Node order, mobility grouping on.  Total pages: 128888
[    0.000000] Policy zone: DMA32
[    0.000000] Kernel command line: BOOT_IMAGE=/boot/vmlinuz-4.4.0-142-generic root=LABEL=cloudimg-rootfs ro console=tty1 console=ttyS0
[    0.000000] PID hash table entries: 2048 (order: 2, 16384 bytes)
[    0.000000] Memory: 481656K/523832K available (8603K kernel code, 1332K rwdata, 4004K rodata, 1484K init, 1316K bss, 42176K reserved, 0K cma-reserved)
[    0.000000] SLUB: HWalign=64, Order=0-3, MinObjects=0, CPUs=2, Nodes=1
[    0.000000] Kernel/User page tables isolation: enabled
[    0.000000] Hierarchical RCU implementation.
[    0.000000] 	Build-time adjustment of leaf fanout to 64.
[    0.000000] 	RCU restricting CPUs from NR_CPUS=512 to nr_cpu_ids=2.
[    0.000000] RCU: Adjusting geometry for rcu_fanout_leaf=64, nr_cpu_ids=2
[    0.000000] NR_IRQS:33024 nr_irqs:440 16
[    0.000000] Console: colour VGA+ 80x25
[    0.000000] console [tty1] enabled
[    0.000000] console [ttyS0] enabled
[    0.000000] tsc: Detected 1992.003 MHz processor
[    0.164667] Calibrating delay loop (skipped) preset value.. 3984.00 BogoMIPS (lpj=7968012)
[    0.166551] pid_max: default: 32768 minimum: 301
[    0.167516] ACPI: Core revision 20150930
[    0.169968] ACPI: 2 ACPI AML tables successfully acquired and loaded
[    0.171418] Security Framework initialized
[    0.172312] Yama: becoming mindful.
[    0.173220] AppArmor: AppArmor initialized
[    0.174362] Dentry cache hash table entries: 65536 (order: 7, 524288 bytes)
[    0.175718] Inode-cache hash table entries: 32768 (order: 6, 262144 bytes)
[    0.177068] Mount-cache hash table entries: 1024 (order: 1, 8192 bytes)
[    0.178368] Mountpoint-cache hash table entries: 1024 (order: 1, 8192 bytes)
[    0.179779] Initializing cgroup subsys io
[    0.180753] Initializing cgroup subsys memory
[    0.181677] Initializing cgroup subsys devices
[    0.182592] Initializing cgroup subsys freezer
[    0.183504] Initializing cgroup subsys net_cls
[    0.184486] Initializing cgroup subsys perf_event
[    0.185441] Initializing cgroup subsys net_prio
[    0.186451] Initializing cgroup subsys hugetlb
[    0.187376] Initializing cgroup subsys pids
[    0.189971] mce: CPU supports 0 MCE banks
[    0.190869] Last level iTLB entries: 4KB 64, 2MB 8, 4MB 8
[    0.191908] Last level dTLB entries: 4KB 64, 2MB 0, 4MB 0, 1GB 4
[    0.193058] Spectre V2 : Mitigation: Full generic retpoline
[    0.194143] Spectre V2 : Spectre v2 / SpectreRSB mitigation: Filling RSB on context switch
[    0.195892] Speculative Store Bypass: Vulnerable
[    0.199838] Freeing SMP alternatives memory: 32K
[    0.206627] ftrace: allocating 32277 entries in 127 pages
[    0.266810] smpboot: APIC(0) Converting physical 0 to logical package 0
[    0.268203] smpboot: Max logical packages: 1
[    0.269424] x2apic enabled
[    0.270380] Switched APIC routing to physical x2apic.
[    0.272710] ..TIMER: vector=0x30 apic1=0 pin1=2 apic2=-1 pin2=-1
[    0.379654] smpboot: CPU0: Intel(R) Core(TM) i7-8550U CPU @ 1.80GHz (family: 0x6, model: 0x8e, stepping: 0xa)
[    0.381883] Performance Events: unsupported p6 CPU model 142 no PMU driver, software events only.
[    0.392412] KVM setup paravirtual spinlock
[    0.393885] x86: Booting SMP configuration:
[    0.394776] .... node  #0, CPUs:      #1
[    0.395823] kvm-clock: cpu 1, msr 0:1ffe3041, secondary cpu clock
[    0.398289] mce: CPU supports 0 MCE banks
[    0.400770] x86: Booted up 1 node, 2 CPUs
[    0.401889] smpboot: Total of 2 processors activated (7968.01 BogoMIPS)
[    0.418833] devtmpfs: initialized
[    0.421456] evm: security.selinux
[    0.422285] evm: security.SMACK64
[    0.423205] evm: security.SMACK64EXEC
[    0.424156] evm: security.SMACK64TRANSMUTE
[    0.425080] evm: security.SMACK64MMAP
[    0.425953] evm: security.ima
[    0.426743] evm: security.capability
[    0.427804] clocksource: jiffies: mask: 0xffffffff max_cycles: 0xffffffff, max_idle_ns: 7645041785100000 ns
[    0.429857] futex hash table entries: 512 (order: 3, 32768 bytes)
[    0.431264] pinctrl core: initialized pinctrl subsystem
[    0.432468] RTC time: 10:12:58, date: 02/25/19
[    0.433737] NET: Registered protocol family 16
[    0.443836] cpuidle: using governor ladder
[    0.455764] cpuidle: using governor menu
[    0.456950] PCCT header not found.
[    0.457993] ACPI: bus type PCI registered
[    0.458984] acpiphp: ACPI Hot Plug PCI Controller Driver version: 0.5
[    0.460560] PCI: Using configuration type 1 for base access
[    0.472573] ACPI: Added _OSI(Module Device)
[    0.473769] ACPI: Added _OSI(Processor Device)
[    0.474943] ACPI: Added _OSI(3.0 _SCP Extensions)
[    0.476236] ACPI: Added _OSI(Processor Aggregator Device)
[    0.478499] ACPI: Executed 1 blocks of module-level executable AML code
[    0.483110] ACPI: Interpreter enabled
[    0.484200] ACPI: (supports S0 S5)
[    0.485264] ACPI: Using IOAPIC for interrupt routing
[    0.486744] PCI: Using host bridge windows from ACPI; if necessary, use "pci=nocrs" and report a bug
[    0.493700] ACPI: PCI Root Bridge [PCI0] (domain 0000 [bus 00-ff])
[    0.495270] acpi PNP0A03:00: _OSC: OS supports [ASPM ClockPM Segments MSI]
[    0.497366] acpi PNP0A03:00: _OSC: not requesting OS control; OS requires [ExtendedConfig ASPM ClockPM MSI]
[    0.499704] acpi PNP0A03:00: fail to add MMCONFIG information, can't access extended PCI configuration space under this bridge.
[    0.502543] PCI host bridge to bus 0000:00
[    0.503555] pci_bus 0000:00: root bus resource [io  0x0000-0x0cf7 window]
[    0.504990] pci_bus 0000:00: root bus resource [io  0x0d00-0xffff window]
[    0.506390] pci_bus 0000:00: root bus resource [mem 0x000a0000-0x000bffff window]
[    0.508221] pci_bus 0000:00: root bus resource [mem 0x20000000-0xfdffffff window]
[    0.509956] pci_bus 0000:00: root bus resource [bus 00-ff]
[    0.512818] pci 0000:00:01.1: legacy IDE quirk: reg 0x10: [io  0x01f0-0x01f7]
[    0.514187] pci 0000:00:01.1: legacy IDE quirk: reg 0x14: [io  0x03f6]
[    0.515449] pci 0000:00:01.1: legacy IDE quirk: reg 0x18: [io  0x0170-0x0177]
[    0.516813] pci 0000:00:01.1: legacy IDE quirk: reg 0x1c: [io  0x0376]
[    0.527437] pci 0000:00:07.0: quirk: [io  0x4000-0x403f] claimed by PIIX4 ACPI
[    0.529326] pci 0000:00:07.0: quirk: [io  0x4100-0x410f] claimed by PIIX4 SMB
[    0.546010] ACPI: PCI Interrupt Link [LNKA] (IRQs 5 9 10 *11)
[    0.547987] ACPI: PCI Interrupt Link [LNKB] (IRQs 5 9 *10 11)
[    0.549926] ACPI: PCI Interrupt Link [LNKC] (IRQs 5 *9 10 11)
[    0.551763] ACPI: PCI Interrupt Link [LNKD] (IRQs 5 9 10 *11)
[    0.553598] ACPI: Enabled 2 GPEs in block 00 to 07
[    0.555050] vgaarb: setting as boot device: PCI:0000:00:02.0
[    0.556231] vgaarb: device added: PCI:0000:00:02.0,decodes=io+mem,owns=io+mem,locks=none
[    0.557930] vgaarb: loaded
[    0.558782] vgaarb: bridge control possible 0000:00:02.0
[    0.560010] SCSI subsystem initialized
[    0.561152] ACPI: bus type USB registered
[    0.562045] usbcore: registered new interface driver usbfs
[    0.563140] usbcore: registered new interface driver hub
[    0.564297] usbcore: registered new device driver usb
[    0.565873] PCI: Using ACPI for IRQ routing
[    0.567213] NetLabel: Initializing
[    0.568130] NetLabel:  domain hash size = 128
[    0.569198] NetLabel:  protocols = UNLABELED CIPSOv4
[    0.570224] NetLabel:  unlabeled traffic allowed by default
[    0.571456] amd_nb: Cannot enumerate AMD northbridges
[    0.572549] clocksource: Switched to clocksource kvm-clock
[    0.596059] AppArmor: AppArmor Filesystem Enabled
[    0.597140] pnp: PnP ACPI init
[    0.598614] pnp: PnP ACPI: found 3 devices
[    0.609113] clocksource: acpi_pm: mask: 0xffffff max_cycles: 0xffffff, max_idle_ns: 2085701024 ns
[    0.611119] NET: Registered protocol family 2
[    0.612278] TCP established hash table entries: 4096 (order: 3, 32768 bytes)
[    0.613694] TCP bind hash table entries: 4096 (order: 4, 65536 bytes)
[    0.615078] TCP: Hash tables configured (established 4096 bind 4096)
[    0.616361] UDP hash table entries: 256 (order: 1, 8192 bytes)
[    0.617592] UDP-Lite hash table entries: 256 (order: 1, 8192 bytes)
[    0.618902] NET: Registered protocol family 1
[    0.619834] pci 0000:00:00.0: Limiting direct PCI/PCI transfers
[    0.621020] pci 0000:00:01.0: Activating ISA DMA hang workarounds
[    0.638067] Unpacking initramfs...
[    1.164019] Freeing initrd memory: 14796K
[    1.165528] platform rtc_cmos: registered platform RTC device (no PNP device found)
[    1.167533] Scanning for low memory corruption every 60 seconds
[    1.169456] audit: initializing netlink subsys (disabled)
[    1.170690] audit: type=2000 audit(1551089584.839:1): initialized
[    1.172247] Initialise system trusted keyring
[    1.173726] HugeTLB registered 2 MB page size, pre-allocated 0 pages
[    1.176554] zbud: loaded
[    1.177720] VFS: Disk quotas dquot_6.6.0
[    1.178696] VFS: Dquot-cache hash table entries: 512 (order 0, 4096 bytes)
[    1.180335] squashfs: version 4.0 (2009/01/31) Phillip Lougher
[    1.182115] fuse init (API version 7.23)
[    1.183311] Key type big_key registered
[    1.184261] Allocating IMA MOK and blacklist keyrings.
[    1.188114] Key type asymmetric registered
[    1.189196] Asymmetric key parser 'x509' registered
[    1.190299] Block layer SCSI generic (bsg) driver version 0.4 loaded (major 249)
[    1.192151] io scheduler noop registered
[    1.193188] io scheduler deadline registered (default)
[    1.194673] io scheduler cfq registered
[    1.195696] pci_hotplug: PCI Hot Plug PCI Core version: 0.5
[    1.196871] pciehp: PCI Express Hot Plug Controller Driver version: 0.4
[    1.198401] ACPI: AC Adapter [AC] (on-line)
[    1.199439] input: Power Button as /devices/LNXSYSTM:00/LNXPWRBN:00/input/input0
[    1.201151] ACPI: Power Button [PWRF]
[    1.202093] input: Sleep Button as /devices/LNXSYSTM:00/LNXSLPBN:00/input/input1
[    1.203748] ACPI: Sleep Button [SLPF]
[    1.204971] GHES: HEST is not enabled!
[    1.206470] ACPI: Battery Slot [BAT0] (battery present)
[    1.207598] Serial: 8250/16550 driver, 32 ports, IRQ sharing enabled
 !"#$%&'()*+,-./0123456789:;<=>?@ABCDEFGHIJKLMNOPQRSTUVWXYZ[\]^_`abcdefghijklmnopqrstuvwxyz{|}~ÄÅÇÉÑÖÜáàâäãåçéèêëíìîïñóòôöõúùûü†°¢£§•¶ß®©™´¨≠ÆØ∞±≤≥¥µ∂∑∏π∫ªºΩæø¿¡¬√ƒ≈∆«»… ÀÃÕŒœ–—“”‘’÷◊ÿŸ⁄€‹›ﬁﬂ‡·‚„‰ÂÊÁËÈÍÎÏÌÓÔÒÚÛÙıˆ˜¯˘˙˚¸˝˛ˇ[    1.230467] 00:02: ttyS0 at I/O 0x3f8 (irq = 4, base_baud = 115200) is a 16550A
[    1.236249] Linux agpgart interface v0.103
[    1.240135] loop: module loaded
[    1.241628] scsi host0: ata_piix
[    1.242648] scsi host1: ata_piix
[    1.243532] ata1: PATA max UDMA/33 cmd 0x1f0 ctl 0x3f6 bmdma 0xd000 irq 14
[    1.244997] ata2: PATA max UDMA/33 cmd 0x170 ctl 0x376 bmdma 0xd008 irq 15
[    1.246456] libphy: Fixed MDIO Bus: probed
[    1.247557] tun: Universal TUN/TAP device driver, 1.6
[    1.248686] tun: (C) 1999-2004 Max Krasnyansky <maxk@qualcomm.com>
[    1.250064] PPP generic driver version 2.4.2
[    1.251299] ehci_hcd: USB 2.0 'Enhanced' Host Controller (EHCI) Driver
[    1.252760] ehci-pci: EHCI PCI platform driver
[    1.253785] ehci-platform: EHCI generic platform driver
[    1.255042] ohci_hcd: USB 1.1 'Open' Host Controller (OHCI) Driver
[    1.256246] ohci-pci: OHCI PCI platform driver
[    1.257318] ohci-platform: OHCI generic platform driver
[    1.258655] uhci_hcd: USB Universal Host Controller Interface driver
[    1.260032] i8042: PNP: PS/2 Controller [PNP0303:PS2K,PNP0f03:PS2M] at 0x60,0x64 irq 1,12
[    1.262261] serio: i8042 KBD port at 0x60,0x64 irq 1
[    1.263324] serio: i8042 AUX port at 0x60,0x64 irq 12
[    1.264973] mousedev: PS/2 mouse device common for all mice
[    1.266561] input: AT Translated Set 2 keyboard as /devices/platform/i8042/serio0/input/input2
[    1.269017] rtc_cmos rtc_cmos: rtc core: registered rtc_cmos as rtc0
[    1.270350] rtc_cmos rtc_cmos: alarms up to one day, 114 bytes nvram
[    1.271693] i2c /dev entries driver
[    1.272557] device-mapper: uevent: version 1.0.3
[    1.273744] device-mapper: ioctl: 4.34.0-ioctl (2015-10-28) initialised: dm-devel@redhat.com
[    1.275541] ledtrig-cpu: registered to indicate activity on CPUs
[    1.277535] NET: Registered protocol family 10
[    1.278724] NET: Registered protocol family 17
[    1.279662] Key type dns_resolver registered
[    1.298935] registered taskstats version 1
[    1.299910] Loading compiled-in X.509 certificates
[    1.301459] Loaded X.509 cert 'Build time autogenerated kernel key: bff73e56bc0efa7435b2a24f5427674623f1be80'
[    1.303400] zswap: loaded using pool lzo/zbud
[    1.306354] Key type trusted registered
[    1.310810] Key type encrypted registered
[    1.311711] AppArmor: AppArmor sha1 policy hashing enabled
[    1.312905] ima: No TPM chip found, activating TPM-bypass!
[    1.314024] ima: Allocated hash algorithm: sha1
[    1.315009] evm: HMAC attrs: 0x1
[    1.316214]   Magic number: 7:82:225
[    1.317165]   hash matches /build/linux-2I72tK/linux-4.4.0/drivers/base/power/main.c:1211
[    1.319117] rtc_cmos rtc_cmos: setting system clock to 2019-02-25 10:12:59 UTC (1551089579)
[    1.321028] BIOS EDD facility v0.16 2004-Jun-25, 0 devices found
[    1.322168] EDD information not available.
[    1.404372] Freeing unused kernel memory: 1484K
[    1.408513] Write protecting the kernel read-only data: 14336k
[    1.414432] Freeing unused kernel memory: 1624K
[    1.416835] Freeing unused kernel memory: 92K
Loading, please wait...
starting version 229
[    1.447154] random: systemd-udevd: uninitialized urandom read (16 bytes read, 3 bits of entropy available)
[    1.447860] random: udevadm: uninitialized urandom read (16 bytes read, 3 bits of entropy available)
[    1.447882] random: udevadm: uninitialized urandom read (16 bytes read, 3 bits of entropy available)
[    1.454587] random: systemd-udevd: uninitialized urandom read (16 bytes read, 3 bits of entropy available)
[    1.456857] random: systemd-udevd: uninitialized urandom read (16 bytes read, 3 bits of entropy available)
[    1.456929] random: udevadm: uninitialized urandom read (16 bytes read, 3 bits of entropy available)
[    1.456970] random: udevadm: uninitialized urandom read (16 bytes read, 3 bits of entropy available)
[    1.457154] random: udevadm: uninitialized urandom read (16 bytes read, 3 bits of entropy available)
[    1.457219] random: udevadm: uninitialized urandom read (16 bytes read, 3 bits of entropy available)
[    1.457269] random: udevadm: uninitialized urandom read (16 bytes read, 3 bits of entropy available)
[    1.504550] e1000: Intel(R) PRO/1000 Network Driver - version 7.3.21-k8-NAPI
[    1.505998] e1000: Copyright (c) 1999-2006 Intel Corporation.
[    1.509253] Fusion MPT base driver 3.04.20
[    1.510167] Copyright (c) 1999-2008 LSI Corporation
[    1.523496] Fusion MPT SPI Host driver 3.04.20
[    1.526246] AVX2 version of gcm_enc/dec engaged.
[    1.527297] AES CTR mode by8 optimization enabled
[    1.714828] input: ImExPS/2 Generic Explorer Mouse as /devices/platform/i8042/serio1/input/input4
[    1.891124] e1000 0000:00:03.0 eth0: (PCI:33MHz:32-bit) 02:a9:46:80:4d:77
[    1.893350] e1000 0000:00:03.0 eth0: Intel(R) PRO/1000 Network Connection
[    1.896502] mptbase: ioc0: Initiating bringup
[    1.897441] e1000 0000:00:03.0 enp0s3: renamed from eth0
[    1.961531] ioc0: LSI53C1030 A0: Capabilities={Initiator}
[    2.133450] scsi host2: ioc0: LSI53C1030 A0, FwRev=00000000h, Ports=1, MaxQ=256, IRQ=20
[    2.164969] tsc: Refined TSC clocksource calibration: 1992.485 MHz
[    2.169950] clocksource: tsc: mask: 0xffffffffffffffff max_cycles: 0x3970e611e73, max_idle_ns: 881590675564 ns
[    2.266637] scsi 2:0:0:0: Direct-Access     VBOX     HARDDISK         1.0  PQ: 0 ANSI: 5
[    2.279357] scsi target2:0:0: Beginning Domain Validation
[    2.287927] scsi target2:0:0: Domain Validation skipping write tests
[    2.290386] scsi target2:0:0: Ending Domain Validation
[    2.292696] scsi target2:0:0: asynchronous
[    2.295952] scsi 2:0:1:0: Direct-Access     VBOX     HARDDISK         1.0  PQ: 0 ANSI: 5
[    2.299186] scsi target2:0:1: Beginning Domain Validation
[    2.304281] scsi target2:0:1: Domain Validation skipping write tests
[    2.306034] scsi target2:0:1: Ending Domain Validation
[    2.307586] scsi target2:0:1: asynchronous
[    2.332892] sd 2:0:0:0: Attached scsi generic sg0 type 0
[    2.334187] sd 2:0:0:0: [sda] 20971520 512-byte logical blocks: (10.7 GB/10.0 GiB)
[    2.335855] sd 2:0:1:0: Attached scsi generic sg1 type 0
[    2.337085] sd 2:0:1:0: [sdb] 20480 512-byte logical blocks: (10.5 MB/10.0 MiB)
[    2.337303] sd 2:0:0:0: [sda] Write Protect is off
[    2.337481] sd 2:0:0:0: [sda] Incomplete mode parameter data
[    2.337483] sd 2:0:0:0: [sda] Assuming drive cache: write through
[    2.339356]  sda: sda1
[    2.340340] sd 2:0:0:0: [sda] Attached SCSI disk
[    2.344504] sd 2:0:1:0: [sdb] Write Protect is off
[    2.345864] sd 2:0:1:0: [sdb] Incomplete mode parameter data
[    2.347034] sd 2:0:1:0: [sdb] Assuming drive cache: write through
[    2.353147] sd 2:0:1:0: [sdb] Attached SCSI disk
Begin: Loading essential drivers ... [    3.831242] md: linear personality registered for level -1
[    3.834408] md: multipath personality registered for level -4
[    3.837567] md: raid0 personality registered for level 0
[    3.841767] md: raid1 personality registered for level 1
[    3.912669] raid6: sse2x1   gen() 11489 MB/s
[    3.980642] raid6: sse2x1   xor()  8843 MB/s
[    4.048573] raid6: sse2x2   gen() 14772 MB/s
[    4.117056] raid6: sse2x2   xor() 10449 MB/s
[    4.185000] raid6: sse2x4   gen() 16937 MB/s
[    4.252929] raid6: sse2x4   xor() 11501 MB/s
[    4.320860] raid6: avx2x1   gen() 24321 MB/s
[    4.388824] raid6: avx2x2   gen() 26288 MB/s
[    4.456764] raid6: avx2x4   gen() 28615 MB/s
[    4.457966] raid6: using algorithm avx2x4 gen() 28615 MB/s
[    4.459154] raid6: using avx2x2 recovery algorithm
[    4.461373] xor: automatically using best checksumming function:
[    4.500898]    avx       : 28956.000 MB/sec
[    4.502833] async_tx: api initialized (async)
[    4.512333] md: raid6 personality registered for level 6
[    4.513455] md: raid5 personality registered for level 5
[    4.514497] md: raid4 personality registered for level 4
[    4.521002] md: raid10 personality registered for level 10
done.
Begin: Running /scripts/init-premount ... done.
Begin: Mounting root file system ... Begin: Running /scripts/local-top ... done.
Begin: Running /scripts/local-premount ... [    4.549268] Btrfs loaded
Scanning for Btrfs filesystems
done.
Warning: fsck not present, so skipping root file system
[    4.586366] EXT4-fs (sda1): mounted filesystem with ordered data mode. Opts: (null)
done.
Begin: Running /scripts/local-bottom ... done.
Begin: Running /scripts/init-bottom ... done.
[    4.680515] systemd[1]: systemd 229 running in system mode. (+PAM +AUDIT +SELINUX +IMA +APPARMOR +SMACK +SYSVINIT +UTMP +LIBCRYPTSETUP +GCRYPT +GNUTLS +ACL +XZ -LZ4 +SECCOMP +BLKID +ELFUTILS +KMOD -IDN)
[    4.683978] systemd[1]: Detected virtualization oracle.
[    4.685046] systemd[1]: Detected architecture x86-64.

Welcome to [1mUbuntu 16.04.5 LTS[0m!

[    4.688725] systemd[1]: Set hostname to <ubuntu>.
[    4.691926] systemd[1]: Initializing machine ID from random generator.
[    4.693233] systemd[1]: Installed transient /etc/machine-id file.
[    4.825606] systemd[1]: Created slice User and Session Slice.
[[0;32m  OK  [0m] Created slice User and Session Slice.
[    4.827671] systemd[1]: Listening on Journal Socket (/dev/log).
[[0;32m  OK  [0m] Listening on Journal Socket (/dev/log).
[    4.829693] systemd[1]: Listening on LVM2 poll daemon socket.
[[0;32m  OK  [0m] Listening on LVM2 poll daemon socket.
[    4.831753] systemd[1]: Listening on Journal Socket.
[[0;32m  OK  [0m] Listening on Journal Socket.
[    4.833724] systemd[1]: Reached target User and Group Name Lookups.
[[0;32m  OK  [0m] Reached target User and Group Name Lookups.
[    4.835764] systemd[1]: Listening on Syslog Socket.
[[0;32m  OK  [0m] Listening on Syslog Socket.
[    4.837531] systemd[1]: Listening on udev Kernel Socket.
[[0;32m  OK  [0m] Listening on udev Kernel Socket.
[    4.839346] systemd[1]: Listening on udev Control Socket.
[[0;32m  OK  [0m] Listening on udev Control Socket.
[    4.841224] systemd[1]: Started Trigger resolvconf update for networkd DNS.
[[0;32m  OK  [0m] Started Trigger resolvconf update for networkd DNS.
[    4.843390] systemd[1]: Reached target Encrypted Volumes.
[[0;32m  OK  [0m] Reached target Encrypted Volumes.
[    4.845309] systemd[1]: Listening on LVM2 metadata daemon socket.
[[0;32m  OK  [0m] Listening on LVM2 metadata daemon socket.
[    4.847345] systemd[1]: Reached target System Time Synchronized.
[[0;32m  OK  [0m] Reached target System Time Synchronized.
[    4.849373] systemd[1]: Started Forward Password Requests to Wall Directory Watch.
[[0;32m  OK  [0m] Started Forward Password Requests to Wall Directory Watch.
[    4.851925] systemd[1]: Listening on /dev/initctl Compatibility Named Pipe.
[[0;32m  OK  [0m] Listening on /dev/initctl Compatibility Named Pipe.
[    4.854166] systemd[1]: Listening on Journal Audit Socket.
[[0;32m  OK  [0m] Listening on Journal Audit Socket.
[    4.860970] systemd[1]: Set up automount Arbitrary Executable File Formats File System Automount Point.
[[0;32m  OK  [0m] Set up automount Arbitrary Executab...ats File System Automount Point.
[    4.869468] systemd[1]: Created slice System Slice.
[[0;32m  OK  [0m] Created slice System Slice.
[    4.897000] systemd[1]: Starting Create list of required static device nodes for the current kernel...
         Starting Create list of required st... nodes for the current kernel...
[    4.907704] systemd[1]: Starting Set console keymap...
         Starting Set console keymap...
[    4.912951] systemd[1]: Starting Nameserver information manager...
         Starting Nameserver information manager...
[    4.927840] systemd[1]: Mounting Huge Pages File System...
         Mounting Huge Pages File System...
[    4.932336] systemd[1]: Created slice system-serial\x2dgetty.slice.
[[0;32m  OK  [0m] Created slice system-serial\x2dgetty.slice.
[    4.938962] systemd[1]: Starting Uncomplicated firewall...
         Starting Uncomplicated firewall...
[    4.949831] systemd[1]: Starting Journal Service...
         Starting Journal Service...
[    4.956815] systemd[1]: Mounting Debug File System...
         Mounting Debug File System...
[    4.959552] systemd[1]: Reached target Slices.
[[0;32m  OK  [0m] Reached target Slices.
[    4.965377] systemd[1]: Mounting POSIX Message Queue File System...
         Mounting POSIX Message Queue File System...
[    4.991063] systemd[1]: Starting Load Kernel Modules...
         Starting Load Kernel Modules...
[    4.994506] systemd[1]: Starting Remount Root and Kernel File Systems...
         Starting Remount Root and Kernel File Systems...
[    4.997849] systemd[1]: Listening on Device-mapper event daemon FIFOs.
[[0;32m  OK  [0m] Listening on Device-mapper event daemon FIFOs.
[    5.001885] systemd[1]: Starting Monitoring of LVM2 mirrors, snapshots etc. using dmeventd or progress polling...
         Starting Monitoring of LVM2 mirrors... dmeventd or progress polling...
[    5.032808] systemd[1]: Reached target Swap.
[    5.034424] EXT4-fs (sda1): re-mounted. Opts: (null)
[[0;32m  OK  [0m] Reached target Swap.
[    5.063461] Loading iSCSI transport class v2.0-870.
[    5.075349] systemd[1]: Mounted Huge Pages File System.
[[0;32m  OK  [0m] Mounted Huge Pages File System.
[    5.083724] iscsi: registered transport (tcp)
[    5.084947] systemd[1]: Mounted Debug File System.
[[0;32m  OK  [0m] Mounted Debug File System.
[    5.086664] systemd[1]: Mounted POSIX Message Queue File System.
[[0;32m  OK  [0m] Mounted POSIX Message Queue File System.
[    5.092751] systemd[1]: Started Journal Service.
[[0;32m  OK  [0m] Started Journal Service.
[[0;32m  OK  [0m] Started Create list of required sta...ce nodes for the current kernel.
[[0;32m  OK  [0m] Started Set console keymap.
[    5.116080] iscsi: registered transport (iser)
[[0;32m  OK  [0m] Started Uncomplicated firewall.
[[0;32m  OK  [0m] Started Load Kernel Modules.
[[0;32m  OK  [0m] Started Remount Root and Kernel File Systems.
[[0;32m  OK  [0m] Started Nameserver information manager.
[[0;32m  OK  [0m] Started LVM2 metadata daemon.
         Starting udev Coldplug all Devices...
         Starting Load/Save Random Seed...
         Starting Apply Kernel Variables...
         Mounting FUSE Control File System...
         Starting Create Static Device Nodes in /dev...
         Starting Flush Journal to Persistent Storage...
[[0;32m  OK  [0m] Started Load/Save Random Seed.
[[0;32m  OK  [0m] Mounted FUSE Control File System.
[[0;32m  OK  [0m] Started Apply Kernel Variables.
[[0;32m  OK  [0m] Started Create Static Device Nodes in /dev.
[[0;32m  OK  [0m] Started udev Coldplug all Devices.
[[0;32m  OK  [0m] Started Flush Journal to Persistent Storage.
         Starting udev Kernel Device Manager...
[[0;32m  OK  [0m] Started Monitoring of LVM2 mirrors,...ng dmeventd or progress polling.
[[0;32m  OK  [0m] Reached target Local File Systems (Pre).
[[0;32m  OK  [0m] Reached target Local File Systems.
         Starting Create Volatile Files and Directories...
         Starting Tell Plymouth To Write Out Runtime Data...
         Starting Commit a transient machine-id on disk...
         Starting LSB: AppArmor initialization...
         Starting Set console font and keymap...
         Starting Initial cloud-init job (pre-networking)...
[[0;32m  OK  [0m] Started Create Volatile Files and Directories.
[[0;32m  OK  [0m] Started Tell Plymouth To Write Out Runtime Data.
[[0;32m  OK  [0m] Started Commit a transient machine-id on disk.
[[0;32m  OK  [0m] Started udev Kernel Device Manager.
[[0;32m  OK  [0m] Started Dispatch Password Requests to Console Directory Watch.
         Starting Update UTMP about System Boot/Shutdown...
[[0;32m  OK  [0m] Started Update UTMP about System Boot/Shutdown.
[[0;32m  OK  [0m] Found device /dev/ttyS0.
[[0;32m  OK  [0m] Listening on Load/Save RF Kill Switch Status /dev/rfkill Watch.
[    7.758021] cloud-init[480]: Cloud-init v. 18.4-0ubuntu1~16.04.2 running 'init-local' at Mon, 25 Feb 2019 10:13:05 +0000. Up 6.98 seconds.
[[0;32m  OK  [0m] Started Initial cloud-init job (pre-networking).
[[0;32m  OK  [0m] Reached target Network (Pre).
[[0;32m  OK  [0m] Started LSB: AppArmor initialization.
         Starting Raise network interfaces...
[[0;32m  OK  [0m] Started Set console font and keymap.
[[0;32m  OK  [0m] Created slice system-getty.slice.
[[0;32m  OK  [0m] Started Raise network interfaces.
         Starting Initial cloud-init job (metadata service crawler)...
[[0;32m  OK  [0m] Reached target Network.
[   10.391313] cloud-init[935]: Cloud-init v. 18.4-0ubuntu1~16.04.2 running 'init' at Mon, 25 Feb 2019 10:13:07 +0000. Up 9.40 seconds.
[   10.392670] cloud-init[935]: ci-info: ++++++++++++++++++++++++++++++++++++++Net device info++++++++++++++++++++++++++++++++++++++
[   10.400813] cloud-init[935]: ci-info: +--------+------+----------------------------+---------------+--------+-------------------+
[   10.402335] cloud-init[935]: ci-info: | Device |  Up  |          Address           |      Mask     | Scope  |     Hw-Address    |
[   10.404047] cloud-init[935]: ci-info: +--------+------+----------------------------+---------------+--------+-------------------+
[   10.405402] cloud-init[935]: ci-info: | enp0s3 | True |         10.0.2.15          | 255.255.255.0 | global | 02:a9:46:80:4d:77 |
[   10.407097] cloud-init[935]: ci-info: | enp0s3 | True | fe80::a9:46ff:fe80:4d77/64 |       .       |  link  | 02:a9:46:80:4d:77 |
[   10.416696] cloud-init[935]: ci-info: |   lo   | True |         127.0.0.1          |   255.0.0.0   |  host  |         .         |
[   10.418124] cloud-init[935]: ci-info: |   lo   | True |          ::1/128           |       .       |  host  |         .         |
[   10.419648] cloud-init[935]: ci-info: +--------+------+----------------------------+---------------+--------+-------------------+
[   10.421105] cloud-init[935]: ci-info: +++++++++++++++++++++++++++Route IPv4 info++++++++++++++++++++++++++++
[   10.428588] cloud-init[935]: ci-info: +-------+-------------+----------+---------------+-----------+-------+
[   10.436552] cloud-init[935]: ci-info: | Route | Destination | Gateway  |    Genmask    | Interface | Flags |
[   10.444484] cloud-init[935]: ci-info: +-------+-------------+----------+---------------+-----------+-------+
[   10.445893] cloud-init[935]: ci-info: |   0   |   0.0.0.0   | 10.0.2.2 |    0.0.0.0    |   enp0s3  |   UG  |
[   10.452483] cloud-init[935]: ci-info: |   1   |   10.0.2.0  | 0.0.0.0  | 255.255.255.0 |   enp0s3  |   U   |
[   10.460801] [[0;32m  OK  [0m] Started Initial cloud-init job (metadata service crawler).
cloud-init[935]: ci-info: +-------+-------------+----------+---------------+-----------+-------+
[   10.462862] [[0;32m  OK  [0m] Reached target Cloud-config availability.
cloud-init[[0;32m  OK  [0m] Reached target System Initialization.
[935]: ci-info: +++++++++++++++++++Route IPv6 info+++++++++++++++++++
[   10.466319]          cloud-initStarting Socket activation for snappy daemon.[935]: 
ci-info: +-------+-------------+---------+-----------+-------+
[   10.472671] [cloud-init[0;32m  OK  [0m[935]: ] ci-info: | Route | Destination | Gateway | Interface | Flags |Listening on D-Bus System Message Bus Socket.

[   10.474593] [[0;32m  OK  [0m] Started Daily apt download activities.
cloud-init[935]: ci-info: +-------+-------------+---------+-----------+-------+
[   10.476425] [[0;32m  OK  [0m] Started Daily apt upgrade and clean activities.
cloud-init[935]: ci-info: |   0   |  fe80::/64  |    ::   |   enp0s3  |   U   |
[   10.485305]          Starting LXD - unix socket.
cloud-init[935]: ci-info: |   3   |   ff00::/8  |    ::   |   enp0s3  |   U   |
[   10.486957] [[0;32m  OK  [0m] Started Daily Cleanup of Temporary Directories.
cloud-init[[0;32m  OK  [0m] Listening on ACPID Listen Socket.
[[0;32m  OK  [0m] Reached target Timers.
[[0;32m  OK  [0m] Listening on UUID daemon activation socket.
[935]: ci-info: +-------+-------------+---------+-----------+-------+
[   10.491164] [cloud-init[0;32m  OK  [0m[935]: ] Started ACPI Events Check.
Generating public/private rsa key pair.[[0;32m  OK  [0m] Reached target Paths.

[[0;32m  OK  [0m] Reached target Network is Online.
[   10.492835] cloud-init[935]: Your identification has been saved in /etc/ssh/ssh_host_rsa_key.
[   10.494249] cloud-init[935]: Your public key has been saved in /etc/ssh/ssh_host_rsa_key.pub.
[   10.495644] cloud-init[935]: The key fingerprint is:
[   10.504296]          Starting iSCSI initiator daemon (iscsid)...
cloud-init[[0;32m  OK  [0m] Listening on Socket activation for snappy daemon.
[935]: [[0;32m  OK  [0m] Listening on LXD - unix socket.
SHA256:spEBvzGxPTQTrF58b4U3p5RXt+Dn6fp/7X9K4lKlsmI root@ubuntu-xenial
[   10.507605] cloud-init[935]: The key's randomart image is:
[   10.510115] cloud-init[935]: +---[RSA 2048]----+
[   10.511296] cloud-init[935]: |    . ..=.       |
[   10.512168] cloud-init[935]: |     o =.o   .  o|
[   10.513013] cloud-init[935]: |      *oo   ....+|
[[0;32m  OK  [0m] Reached target Sockets.
[[0;32m  OK  [0m] Reached target Basic System.
[   10.514049] cloud-init[935]: |      .*o.. ..Boo|
[   10.522389] [cloud-init[0;32m  OK  [0m[935]: ] |     .=.S. . *o=.|Started Deferred execution scheduler.

         Starting Login Service...
         Starting Pollinate to seed the pseudo random number generator...
[   10.526381] [[0;32m  OK  [0m] Started Unattended Upgrades Shutdown.
cloud-init[935]: |      .+  . = .o |
[   10.535426] [[0;32m  OK  [0m] Started ACPI event daemon.
         Starting LXD - container startup/shutdown...
         Starting Virtualbox guest utils...
[[0;32m  OK  [0m] Started D-Bus System Message Bus.
cloud-init[935]: |      .    =. o .|
[   10.556380] cloud-init[935]: |        E o. o .+|
[   10.564509] cloud-init[935]: |       . . ...++O|
[   10.567275] cloud-init[935]: +----[SHA256]-----+
[   10.576426] cloud-init[935]: Generating public/private dsa key pair.
[   10.577659] cloud-init[935]: Your identification has been saved in /etc/ssh/ssh_host_dsa_key.
[   10.578946] cloud-init[935]: Your public key has been saved in /etc/ssh/ssh_host_dsa_key.pub.
[   10.580397] cloud-init[935]: The key fingerprint is:
[   10.581502] cloud-init[935]: SHA256:xwfCNZ98tMErzIZaeT/OpPGSztYoWyS/n6yHLvCwY1I root@ubuntu-xenial
[   10.588582] cloud-init[935]: The key's randomart image is:
[   10.589560] cloud-init[935]: +---[DSA 1024]----+
[   10.590349] cloud-init[935]: |          o  .o  |
         Starting LSB: Record successful boot for GRUB...
[   10.603312] cloud-init[935]: |       . . + o.o |
[   10.605446] cloud-init[935]: |        o .=+ o. |
[   10.612322] cloud-init         [935]: Starting LSB: MD monitoring daemon...|         o+.*..  |

[   10.620262]          cloud-initStarting Accounts Service...[935]: 
|        So+ooo   |
         Starting /etc/rc.local Compatibility...
         Starting System Logging Service...
[   10.628297] cloud-init[[0;32m  OK  [0m] Started FUSE filesystem for LXC.
[935]: [[0;32m  OK  [0m] Started Regular background program processing daemon.
|        E. =. +  |
[   10.639316]          cloud-initStarting Snappy daemon...[935]: 
|       . =  o% . |
[   10.641350] [[0;32m  OK  [0m] Started /etc/rc.local Compatibility.
cloud-init[935]: |      . + +oBo*. |
[   10.642546] cloud-init[935]: |       o ..B*=+  |
[   10.644292] cloud-init[935]: +----[SHA256]-----+
[   10.650400] cloud-init[935]: Generating public/private ecdsa key pair.
[   10.652798] cloud-init[935]: Your identification has been saved in /etc/ssh/ssh_host_ecdsa_key.
[   10.654008] cloud-init[935]: Your public key has been saved in /etc/ssh/ssh_host_ecdsa_key.pub.
[   10.655297] cloud-init[935]: The key fingerprint is:
[[0;32m  OK  [0m] Started iSCSI initiator daemon (iscsid).
[[0;32m  OK  [0m] Started System Logging Service.
[   10.671863] cloud-init[935]: SHA256:gwKwlfKlI/PTGJutb1lmVGO3Qh+WkleN8KtIIFsyNKc root@ubuntu-xenial
[   10.709653] cloud-init[935]: The key's randomart image is:
[   10.747499] [cloud-init[0;32m  OK  [0m[935]: ] +---[ECDSA 256]---+Started LXD - container startup/shutdown.

[   10.749234] cloud-init[935]: |. ..o .  ..+.o   |
[   10.786502] cloud-init[935]: |.+...+  B *.. .  |
[   10.787544] cloud-init[935]: |.o.oE o+ B o.    |
[   10.792881] cloud-init[935]: |o =. *.o. o  .   |
[[0;32m  OK  [0m] Started LSB: Record successful boot for GRUB.
[   10.843962] cloud-init[935]: | + Oo.. S.  .    |
[   10.852255] [cloud-init[0;32m  OK  [0m[935]: ] |  * o.+. o .     |Started LSB: MD monitoring daemon.

[   10.896237] cloud-init[935]: |   o =  . .      |
[[0;32m  OK  [0m] Started Login Service.
[   10.934392] cloud-init[935]: |  . o            |
[   10.988547] cloud-init[935]: |   o.            |
[   10.989995] cloud-init[935]: +----[SHA256]-----+
[   10.991278] cloud-init         Starting Authenticate and Authorize Users to Run Privileged Tasks...
         Starting Login to default iSCSI targets...
[935]: Generating public/private ed25519 key pair.
[   10.996796] cloud-init[935]: Your identification has been saved in /etc/ssh/ssh_host_ed25519_key.
[   11.046335] cloud-init[935]: Your public key has been saved in /etc/ssh/ssh_host_ed25519_key.pub.
[   11.108766] cloud-init[935]: The key fingerprint is:
[   11.109981] cloud-init[935]: SHA256:WKk9dAYQdn81GCkpxzKs8thKYPBb9bWRzytj0blAmXU root@ubuntu-xenial
[   11.113094] cloud-init[935]: The key's randomart image is:
[   11.114497] cloud-init[935]: +--[ED25519 256]--+
[   11.119126] [[0;32m  OK  [0m] Started Virtualbox guest utils.
cloud-init[935]: |      ++o. *o+E  |
[   11.156389] cloud-init[935]: |.    ...=+% oo . |
[   11.159188] cloud-init[935]: | o   . o+B+B..   |
[[0;32m  OK  [0m] Started Login to default iSCSI targets.
[   11.172424] cloud-init[935]: |  + o .*.o+.=    |
[[0;32m  OK  [0m] Started Authenticate and Authorize Users to Run Privileged Tasks.
[[0;32m  OK  [0m] Started Accounts Service.
[[0;32m  OK  [0m] Reached target Remote File Systems (Pre).
[[0;32m  OK  [0m] Reached target Remote File Systems.
[   11.175372] cloud-init[935]: | . + =o S  o o   |
[   11.228503] cloud-init[935]: |  . o o  .+ o    |
[   11.229996] cloud-init[935]: |   . .   . o     |
[   11.236887] cloud-init[935]: |    .            |
[   11.245469] cloud-init[935]: |                 |
         Starting Permit User Sessions...
[   11.248080] cloud-init[935]: +----[SHA256]-----+
         Starting LSB: daemon to balance interrupts for SMP systems...
         Starting LSB: automatic crash report generation...
         Starting LSB: Set the CPU Frequency Scaling governor to "ondemand"...
[[0;32m  OK  [0m] Started Permit User Sessions.
         Starting Hold until boot process finishes up...
         Starting Terminate Plymouth Boot Screen...
[[0;32m  OK  [0m] Started Pollinate to seed the pseudo random number generator.
[[0;32m  OK  [0m] Started LSB: Set the CPU Frequency Scaling governor to "ondemand".
[[0;32m  OK  [0m] Started Hold until boot process finishes up.
[[0;32m  OK  [0m] Started Terminate Plymouth Boot Screen.
[[0;32m  OK  [0m] Started LSB: daemon to balance interrupts for SMP systems.
[[0;32m  OK  [0m] Started LSB: automatic crash report generation.
[[0;32m  OK  [0m] Started Serial Getty on ttyS0.
         Starting Set console scheme...
[[0;32m  OK  [0m] Started Getty on tty1.
[[0;32m  OK  [0m] Reached target Login Prompts.
         Starting OpenBSD Secure Shell server...
[[0;32m  OK  [0m] Started Snappy daemon.
[[0;32m  OK  [0m] Started Set console scheme.
         Starting Wait until snapd is fully seeded...
[[0;32m  OK  [0m] Started OpenBSD Secure Shell server.
[[0;32m  OK  [0m] Started Wait until snapd is fully seeded.
         Starting Apply the settings specified in cloud-config...
[[0;32m  OK  [0m] Reached target Multi-User System.
[[0;32m  OK  [0m] Reached target Graphical Interface.
         Starting Update UTMP about System Runlevel Changes...
[[0;32m  OK  [0m] Started Update UTMP about System Runlevel Changes.
[[0;32m  OK  [0m] Created slice User Slice of vagrant.
         Starting User Manager for UID 1000...
[[0;32m  OK  [0m] Started Session 1 of user vagrant.
[[0;32m  OK  [0m] Started User Manager for UID 1000.
[   14.189162] cloud-init[1266]: Generating locales (this might take a while)...

Ubuntu 16.04.5 LTS ubuntu-xenial ttyS0

ubuntu-xenial login: [   17.955152] cloud-init[1266]:   en_US.UTF-8... done
[   17.956407] cloud-init[1266]: Generation complete.
[   18.359287] cloud-init[1266]: Cloud-init v. 18.4-0ubuntu1~16.04.2 running 'modules:config' at Mon, 25 Feb 2019 10:13:12 +0000. Up 13.90 seconds.
ci-info: no authorized ssh keys fingerprints found for user ubuntu.
<14>Feb 25 10:13:17 ec2: 
<14>Feb 25 10:13:17 ec2: #############################################################
<14>Feb 25 10:13:17 ec2: -----BEGIN SSH HOST KEY FINGERPRINTS-----
<14>Feb 25 10:13:17 ec2: 1024 SHA256:xwfCNZ98tMErzIZaeT/OpPGSztYoWyS/n6yHLvCwY1I root@ubuntu-xenial (DSA)
<14>Feb 25 10:13:17 ec2: 256 SHA256:gwKwlfKlI/PTGJutb1lmVGO3Qh+WkleN8KtIIFsyNKc root@ubuntu-xenial (ECDSA)
<14>Feb 25 10:13:17 ec2: 256 SHA256:WKk9dAYQdn81GCkpxzKs8thKYPBb9bWRzytj0blAmXU root@ubuntu-xenial (ED25519)
<14>Feb 25 10:13:17 ec2: 2048 SHA256:spEBvzGxPTQTrF58b4U3p5RXt+Dn6fp/7X9K4lKlsmI root@ubuntu-xenial (RSA)
<14>Feb 25 10:13:17 ec2: -----END SSH HOST KEY FINGERPRINTS-----
<14>Feb 25 10:13:17 ec2: #############################################################
-----BEGIN SSH HOST KEY KEYS-----
ecdsa-sha2-nistp256 AAAAE2VjZHNhLXNoYTItbmlzdHAyNTYAAAAIbmlzdHAyNTYAAABBBBx3OfWB4GEV8Ukx6Bq51Ps6Lg1e8ISqxcRV1PjpLd+iXv9psAiRQFkhYRUMvWRHYzpLTqmIBCfDZBKg3kuEA68= root@ubuntu-xenial
ssh-ed25519 AAAAC3NzaC1lZDI1NTE5AAAAIMgW4NY4FC6v2S/Yk9Ck5tx4VGOsK701vP2wXmNP/ryi root@ubuntu-xenial
ssh-rsa AAAAB3NzaC1yc2EAAAADAQABAAABAQDaFmTZIcC8hhQvbCA1xwmEde+5ypsNkgRei2d98DZd5StMvxXIaVt/RWeclHq3ioBLC3kXijIs6WgCAvxnfmorhqwzInzLfXPFchNP4Kve24HuRcOLqQLUH58vcbxDV/XBZ2msl6U10Dva3LL884e7uafwWk+tWwe7Y3gqc0w8ahuEMBltq86QIcda31PtrYggvifg/AODkyhOQoNyYMIWMOSkpq/ZMla/mM0ueTVVL51cT2ctxae7Mynf3bPeA4PPefAhEKqHR0/uYrfk/87xOsoKre7321MG1jAyhybaJCC5B0yFdlQzAkU0DJZCmg1RbGGFDWAVjrPmm+7xTdW7 root@ubuntu-xenial
-----END SSH HOST KEY KEYS-----
[   19.053388] cloud-init[1499]: Cloud-init v. 18.4-0ubuntu1~16.04.2 running 'modules:final' at Mon, 25 Feb 2019 10:13:17 +0000. Up 18.87 seconds.
[   19.053593] cloud-init[1499]: ci-info: no authorized ssh keys fingerprints found for user ubuntu.
[   19.053988] cloud-init[1499]: Cloud-init v. 18.4-0ubuntu1~16.04.2 finished at Mon, 25 Feb 2019 10:13:17 +0000. Datasource DataSourceNoCloud [seed=/dev/sdb][dsmode=net].  Up 19.04 seconds
